<?xml version="1.0" encoding="UTF-8"?>
<testsuite xmlns:xsi="http://www.w3.org/2001/XMLSchema-instance" xsi:noNamespaceSchemaLocation="https://maven.apache.org/surefire/maven-surefire-plugin/xsd/surefire-test-report.xsd" name="com.mare.utils.CommonUtilsTest" time="0" tests="2" errors="0" skipped="0" failures="0">
  <properties>
    <property name="sun.desktop" value="windows"/>
    <property name="awt.toolkit" value="sun.awt.windows.WToolkit"/>
    <property name="file.encoding.pkg" value="sun.io"/>
    <property name="java.specification.version" value="1.8"/>
    <property name="sun.cpu.isalist" value="amd64"/>
    <property name="sun.jnu.encoding" value="GBK"/>
    <property name="java.class.path" value="F:\ocean\mare\target\test-classes;F:\ocean\mare\target\classes;D:\repository\junit\junit\4.11\junit-4.11.jar;D:\repository\org\hamcrest\hamcrest-core\1.3\hamcrest-core-1.3.jar;D:\repository\org\hamcrest\hamcrest\2.1\hamcrest-2.1.jar;"/>
    <property name="java.vm.vendor" value="Oracle Corporation"/>
    <property name="sun.arch.data.model" value="64"/>
    <property name="user.variant" value=""/>
    <property name="java.vendor.url" value="http://java.oracle.com/"/>
    <property name="user.timezone" value="Asia/Shanghai"/>
    <property name="java.vm.specification.version" value="1.8"/>
    <property name="os.name" value="Windows 7"/>
    <property name="user.country" value="CN"/>
    <property name="sun.java.launcher" value="SUN_STANDARD"/>
    <property name="sun.boot.library.path" value="D:\01_software\JDK1.8\jre\bin"/>
    <property name="sun.java.command" value="C:\Users\ZHAO~1.JIA\AppData\Local\Temp\surefire556815463111728206\surefirebooter1967976500766417676.jar C:\Users\zhao.jiahong\AppData\Local\Temp\surefire556815463111728206 2019-09-10T21-34-47_119-jvmRun1 surefire1788883892988534930tmp surefire_07805393502058710961tmp"/>
    <property name="surefire.test.class.path" value="F:\ocean\mare\target\test-classes;F:\ocean\mare\target\classes;D:\repository\junit\junit\4.11\junit-4.11.jar;D:\repository\org\hamcrest\hamcrest-core\1.3\hamcrest-core-1.3.jar;D:\repository\org\hamcrest\hamcrest\2.1\hamcrest-2.1.jar;"/>
    <property name="sun.cpu.endian" value="little"/>
    <property name="user.home" value="C:\Users\zhao.jiahong"/>
    <property name="user.language" value="zh"/>
    <property name="java.specification.vendor" value="Oracle Corporation"/>
    <property name="java.home" value="D:\01_software\JDK1.8\jre"/>
    <property name="basedir" value="F:\ocean\mare"/>
    <property name="file.separator" value="\"/>
    <property name="line.separator" value="&#10;"/>
    <property name="java.vm.specification.vendor" value="Oracle Corporation"/>
    <property name="java.specification.name" value="Java Platform API Specification"/>
    <property name="java.awt.graphicsenv" value="sun.awt.Win32GraphicsEnvironment"/>
    <property name="surefire.real.class.path" value="C:\Users\ZHAO~1.JIA\AppData\Local\Temp\surefire556815463111728206\surefirebooter1967976500766417676.jar"/>
    <property name="sun.boot.class.path" value="D:\01_software\JDK1.8\jre\lib\resources.jar;D:\01_software\JDK1.8\jre\lib\rt.jar;D:\01_software\JDK1.8\jre\lib\sunrsasign.jar;D:\01_software\JDK1.8\jre\lib\jsse.jar;D:\01_software\JDK1.8\jre\lib\jce.jar;D:\01_software\JDK1.8\jre\lib\charsets.jar;D:\01_software\JDK1.8\jre\lib\jfr.jar;D:\01_software\JDK1.8\jre\classes"/>
    <property name="user.script" value=""/>
    <property name="sun.management.compiler" value="HotSpot 64-Bit Tiered Compilers"/>
    <property name="java.runtime.version" value="1.8.0_181-b13"/>
    <property name="user.name" value="zhao.jiahong"/>
    <property name="path.separator" value=";"/>
    <property name="os.version" value="6.1"/>
    <property name="java.endorsed.dirs" value="D:\01_software\JDK1.8\jre\lib\endorsed"/>
    <property name="java.runtime.name" value="Java(TM) SE Runtime Environment"/>
    <property name="file.encoding" value="GBK"/>
    <property name="java.vm.name" value="Java HotSpot(TM) 64-Bit Server VM"/>
    <property name="localRepository" value="D:\repository"/>
    <property name="java.vendor.url.bug" value="http://bugreport.sun.com/bugreport/"/>
    <property name="java.io.tmpdir" value="C:\Users\ZHAO~1.JIA\AppData\Local\Temp\"/>
    <property name="java.version" value="1.8.0_181"/>
    <property name="user.dir" value="F:\ocean\mare"/>
    <property name="os.arch" value="amd64"/>
    <property name="java.vm.specification.name" value="Java Virtual Machine Specification"/>
    <property name="java.awt.printerjob" value="sun.awt.windows.WPrinterJob"/>
    <property name="sun.os.patch.level" value="Service Pack 1"/>
    <property name="java.library.path" value="D:\01_software\JDK1.8\jre\bin;C:\Windows\Sun\Java\bin;C:\Windows\system32;C:\Windows;D:/01_software/java8/bin/server;D:/01_software/java8/bin;D:/01_software/java8/lib/amd64;C:\Program Files (x86)\Common Files\Oracle\Java\javapath;C:\Program Files (x86)\Google\Chrome\Application\chrome.exe;C:\Windows\system32;C:\Windows;C:\Windows\System32\Wbem;C:\Windows\System32\WindowsPowerShell\v1.0\;C:\Program Files (x86)\Intel\OpenCL SDK\2.0\bin\x86;C:\Program Files (x86)\Intel\OpenCL SDK\2.0\bin\x64;C:\Program Files (x86)\NVIDIA Corporation\PhysX\Common;D:\01_software\JDK1.8\bin;D:\01_software\python36;D:\01_software\python36\Scripts;C:\Windows\System32\WindowsPowerShell\v1.0\;C:\Windows\System32\WindowsPowerShell\v1.0\;D:\01_software\phantomjs-2.1.1-windows\bin;D:\01_software\MongoDB\Server\3.6\bin;C:\Program Files (x86)\Intel\OpenCL SDK\2.0\bin\x86;C:\Program Files (x86)\Intel\OpenCL SDK\2.0\bin\x64;D:\01_software\apache-maven-3.2.5\bin;C:\Windows\System32\WindowsPowerShell\v1.0\;D:\01_software\Git\Git\cmd;D:\01_software\PuTTY\;D:\01_software\spring-boot-cli-2.1.1.RELEASE-bin\spring-2.1.1.RELEASE\bin;D:\01_software\Microsoft VS Code\bin;C:\Users\zhao.jiahong\AppData\Local\atom\bin;D:\01_software\Fiddler;C:\Users\zhao.jiahong\Desktop;;."/>
    <property name="java.vm.info" value="mixed mode"/>
    <property name="java.vendor" value="Oracle Corporation"/>
    <property name="java.vm.version" value="25.181-b13"/>
    <property name="java.ext.dirs" value="D:\01_software\JDK1.8\jre\lib\ext;C:\Windows\Sun\Java\lib\ext"/>
    <property name="sun.io.unicode.encoding" value="UnicodeLittle"/>
    <property name="java.class.version" value="52.0"/>
  </properties>
  <testcase name="testNullEmptyCheck" classname="com.mare.utils.CommonUtilsTest" time="0"/>
  <testcase name="testEquals" classname="com.mare.utils.CommonUtilsTest" time="0"/>
</testsuite>